[INFO] Scanning for projects...
[ERROR] [ERROR] Some problems were encountered while processing the POMs:
[WARNING] 'dependencies.dependency.(groupId:artifactId:type:classifier)' must be unique: io.netty:netty-codec-http:jar -> duplicate declaration of version ${netty.version} @ line 273, column 29
[WARNING] 'dependencies.dependency.(groupId:artifactId:type:classifier)' must be unique: io.netty:netty-codec:jar -> duplicate declaration of version ${netty.version} @ line 284, column 21
[WARNING] 'dependencies.dependency.(groupId:artifactId:type:classifier)' must be unique: io.netty:netty-handler:jar -> duplicate declaration of version ${netty.version} @ line 289, column 21
[ERROR] 'dependencies.dependency.artifactId' for ${CLOUD_STORE_GROUP_ID}:${CLOUD_STORE_ARTIFACT_ID}:jar with value '${CLOUD_STORE_ARTIFACT_ID}' does not match a valid id pattern. @ line 321, column 25
[ERROR] 'dependencies.dependency.groupId' for ${CLOUD_STORE_GROUP_ID}:${CLOUD_STORE_ARTIFACT_ID}:jar with value '${CLOUD_STORE_GROUP_ID}' does not match a valid id pattern. @ line 320, column 22
[ERROR] 'dependencies.dependency.version' for ${CLOUD_STORE_GROUP_ID}:${CLOUD_STORE_ARTIFACT_ID}:jar must be a valid version but is '${CLOUD_STORE_VERSION}'. @ line 322, column 22
 @ 
[ERROR] The build could not read 1 project -> [Help 1]
[ERROR]   
[ERROR]   The project org.sunbird:content-service:1.0-SNAPSHOT (/Users/sanketikam4/January/knowledge-platform/content-api/content-service/pom.xml) has 3 errors
[ERROR]     'dependencies.dependency.artifactId' for ${CLOUD_STORE_GROUP_ID}:${CLOUD_STORE_ARTIFACT_ID}:jar with value '${CLOUD_STORE_ARTIFACT_ID}' does not match a valid id pattern. @ line 321, column 25
[ERROR]     'dependencies.dependency.groupId' for ${CLOUD_STORE_GROUP_ID}:${CLOUD_STORE_ARTIFACT_ID}:jar with value '${CLOUD_STORE_GROUP_ID}' does not match a valid id pattern. @ line 320, column 22
[ERROR]     'dependencies.dependency.version' for ${CLOUD_STORE_GROUP_ID}:${CLOUD_STORE_ARTIFACT_ID}:jar must be a valid version but is '${CLOUD_STORE_VERSION}'. @ line 322, column 22
[ERROR] 
[ERROR] To see the full stack trace of the errors, re-run Maven with the -e switch.
[ERROR] Re-run Maven using the -X switch to enable full debug logging.
[ERROR] 
[ERROR] For more information about the errors and possible solutions, please read the following articles:
[ERROR] [Help 1] http://cwiki.apache.org/confluence/display/MAVEN/ProjectBuildingException
