#
# A fatal error has been detected by the Java Runtime Environment:
#
#  SIGBUS (0xa) at pc=0x00007fff71229769, pid=10476, tid=0x0000000000003207
#
# JRE version: Java(TM) SE Runtime Environment (8.0_241-b07) (build 1.8.0_241-b07)
# Java VM: Java HotSpot(TM) 64-Bit Server VM (25.241-b07 mixed mode bsd-amd64 compressed oops)
# Problematic frame:
# C  [libsystem_platform.dylib+0x1769]  _platform_memmove$VARIANT$Haswell+0x29
#
# Failed to write core dump. Core dumps have been disabled. To enable core dumping, try "ulimit -c unlimited" before starting Java again
#
# If you would like to submit a bug report, please visit:
#   http://bugreport.java.com/bugreport/crash.jsp
# The crash happened outside the Java Virtual Machine in native code.
# See problematic frame for where to report the bug.
#

---------------  T H R E A D  ---------------

Current thread (0x00007fb0b6620000):  JavaThread "play-dev-mode-akka.actor.default-dispatcher-5" [_thread_in_native, id=12807, stack(0x0000700004171000,0x0000700004271000)]

siginfo: si_signo: 10 (SIGBUS), si_code: 2 (BUS_ADRERR), si_addr: 0x0000000109a59000

Registers:
RAX=0x00007fb0bbed2c00, RBX=0x0000000109a58408, RCX=0x00000000000062ab, RDX=0x0000000000006e75
RSP=0x000070000426d3e0, RBP=0x000070000426d3e0, RSI=0x0000000109a59000, RDI=0x00007fb0bbed37ca
R8 =0x0000000000000072, R9 =0x0000000000006472, R10=0x00007fb0bd40b640, R11=0x00007fafb247a7ca
R12=0x0000000000000000, R13=0x000000006d617246, R14=0x00000000732f6772, R15=0x0000000000006962
RIP=0x00007fff71229769, EFLAGS=0x0000000000010202, ERR=0x0000000000000004
  TRAPNO=0x000000000000000e

Top of Stack: (sp=0x000070000426d3e0)
0x000070000426d3e0:   000070000426d450 0000000100293006
0x000070000426d3f0:   000000620426d810 0000000000000069
0x000070000426d400:   0000000000006472 00007fb0bbed2c00
0x000070000426d410:   0000000000006e75 00007fb0b7930c00
0x000070000426d420:   00007fb0bd40b640 00007fb0b7930c00
0x000070000426d430:   00007fb0b7930db0 0000000000000010
0x000070000426d440:   000000005bbd78a2 00007fb0bd0d1150
0x000070000426d450:   000070000426d4b0 000000010029352d
0x000070000426d460:   000070000426d4e3 000070000426d4e2
0x000070000426d470:   0000001300000000 0000001401620000
0x000070000426d480:   000070000426d4ce 000070000426d918
0x000070000426d490:   0000000000000014 000070000426d4ce
0x000070000426d4a0:   00007fb0b7930c00 00007fb0b66201f8
0x000070000426d4b0:   000070000426d900 0000000100292238
0x000070000426d4c0:   000000010ca4f718 454d000000000001
0x000070000426d4d0:   4d2f464e492d4154 2e54534546494e41
0x000070000426d4e0:   000070000400464d 00007fb0b6620000
0x000070000426d4f0:   000070000426d501 0000000107314c0e
0x000070000426d500:   00007000000000b6 0000000107314c38
0x000070000426d510:   00007fb0b6620000 0000000107314c38
0x000070000426d520:   00007fb0b6620000 0000000107313008
0x000070000426d530:   00007fb0b6620000 0000000107313008
0x000070000426d540:   0000000107313008 0000000107314c38
0x000070000426d550:   0000000107314c38 00007fb0b6620000
0x000070000426d560:   00007fb0b6620000 000070000426d598
0x000070000426d570:   000070000426dc80 00007fb0b7ed4ee8
0x000070000426d580:   000070000426dbf0 00000001018ed678
0x000070000426d590:   00007fb0b57039b0 000070000426e710
0x000070000426d5a0:   000000010ca4f0a8 000000010ca4eb50
0x000070000426d5b0:   0000000000000000 00000000d5f95b74
0x000070000426d5c0:   000070000426e710 00007fb0b6620000
0x000070000426d5d0:   0000000321d06e58 000000010751cb90 

Instructions: (pc=0x00007fff71229769)
0x00007fff71229749:   f3 48 89 f8 49 39 d3 72 1b 48 83 fa 60 76 2f 48
0x00007fff71229759:   81 fa 00 40 00 00 0f 82 cb 00 00 00 48 89 d1 fc
0x00007fff71229769:   f3 a4 5d c3 48 39 fe 74 f9 48 01 d6 48 01 d7 48
0x00007fff71229779:   83 fa 60 0f 82 8c 01 00 00 e9 a9 01 00 00 48 83 

Register to memory mapping:

RAX=0x00007fb0bbed2c00 is an unknown value
RBX=0x0000000109a58408 is an unknown value
RCX=0x00000000000062ab is an unknown value
RDX=0x0000000000006e75 is an unknown value
RSP=0x000070000426d3e0 is pointing into the stack for thread: 0x00007fb0b6620000
RBP=0x000070000426d3e0 is pointing into the stack for thread: 0x00007fb0b6620000
RSI=0x0000000109a59000 is an unknown value
RDI=0x00007fb0bbed37ca is an unknown value
R8 =0x0000000000000072 is an unknown value
R9 =0x0000000000006472 is an unknown value
R10=0x00007fb0bd40b640 is an unknown value
R11=0x00007fafb247a7ca is an unknown value
R12=0x0000000000000000 is an unknown value
R13=0x000000006d617246 is an unknown value
R14=0x00000000732f6772 is an unknown value
R15=0x0000000000006962 is an unknown value


Stack: [0x0000700004171000,0x0000700004271000],  sp=0x000070000426d3e0,  free space=1008k
Native frames: (J=compiled Java code, j=interpreted, Vv=VM code, C=native code)
C  [libsystem_platform.dylib+0x1769]  _platform_memmove$VARIANT$Haswell+0x29
C  [libzip.dylib+0x3006]  newEntry+0x2c8
C  [libzip.dylib+0x352d]  ZIP_GetEntry2+0xd4
C  [libzip.dylib+0x2238]  Java_java_util_zip_ZipFile_getEntry+0xcf
J 108  java.util.zip.ZipFile.getEntry(J[BZ)J (0 bytes) @ 0x000000010b247d8e [0x000000010b247cc0+0xce]
J 282 C2 sun.misc.URLClassPath$JarLoader.getResource(Ljava/lang/String;Z)Lsun/misc/Resource; (85 bytes) @ 0x000000010b2ecc00 [0x000000010b2ec720+0x4e0]
J 3583 C2 sun.misc.URLClassPath$JarLoader.findResource(Ljava/lang/String;Z)Ljava/net/URL; (18 bytes) @ 0x000000010bd7aa94 [0x000000010bd7aa60+0x34]
J 3757 C1 sun.misc.URLClassPath$1.next()Z (63 bytes) @ 0x000000010be00b0c [0x000000010be009a0+0x16c]
J 5995 C1 sun.misc.URLClassPath$1.hasMoreElements()Z (5 bytes) @ 0x000000010c1bf8bc [0x000000010c1bf840+0x7c]
J 4018 C1 java.net.URLClassLoader$3$1.run()Ljava/lang/Object; (5 bytes) @ 0x000000010beab8d4 [0x000000010beab760+0x174]
v  ~StubRoutines::call_stub
V  [libjvm.dylib+0x2f1b06]
V  [libjvm.dylib+0x3523f6]
J 3526  java.security.AccessController.doPrivileged(Ljava/security/PrivilegedAction;Ljava/security/AccessControlContext;)Ljava/lang/Object; (0 bytes) @ 0x000000010bd4f7d5 [0x000000010bd4f700+0xd5]
J 3758 C1 java.net.URLClassLoader$3.next()Z (73 bytes) @ 0x000000010bdfeab4 [0x000000010bdfe8e0+0x1d4]
J 4017 C1 java.net.URLClassLoader$3.hasMoreElements()Z (5 bytes) @ 0x000000010beab43c [0x000000010beab3c0+0x7c]
J 4024 C1 sun.misc.CompoundEnumeration.next()Z (58 bytes) @ 0x000000010beaccc4 [0x000000010beacb20+0x1a4]
J 4025 C1 sun.misc.CompoundEnumeration.hasMoreElements()Z (5 bytes) @ 0x000000010beae07c [0x000000010beae000+0x7c]
J 4024 C1 sun.misc.CompoundEnumeration.next()Z (58 bytes) @ 0x000000010beaccc4 [0x000000010beacb20+0x1a4]
J 4025 C1 sun.misc.CompoundEnumeration.hasMoreElements()Z (5 bytes) @ 0x000000010beae07c [0x000000010beae000+0x7c]
j  akka.util.ManifestInfo.liftedTree2$1(Lscala/runtime/ObjectRef;)V+17
j  akka.util.ManifestInfo.<init>(Lakka/actor/ExtendedActorSystem;)V+25
j  akka.util.ManifestInfo$.createExtension(Lakka/actor/ExtendedActorSystem;)Lakka/util/ManifestInfo;+5
j  akka.util.ManifestInfo$.createExtension(Lakka/actor/ExtendedActorSystem;)Lakka/actor/Extension;+2
j  akka.actor.ActorSystemImpl.registerExtension(Lakka/actor/ExtensionId;)Lakka/actor/Extension;+39
j  akka.actor.ExtensionId$class.apply(Lakka/actor/ExtensionId;Lakka/actor/ActorSystem;)Lakka/actor/Extension;+10
j  akka.util.ManifestInfo$.apply(Lakka/actor/ActorSystem;)Lakka/actor/Extension;+2
j  akka.actor.ActorSystemImpl.liftedTree2$1()Lakka/actor/ActorSystemImpl;+82
j  akka.actor.ActorSystemImpl._start$lzycompute()Lakka/actor/ActorSystemImpl;+13
j  akka.actor.ActorSystemImpl._start()Lakka/actor/ActorSystemImpl;+15
j  akka.actor.ActorSystemImpl.start()Lakka/actor/ActorSystemImpl;+1
j  akka.actor.ActorSystem$.apply(Ljava/lang/String;Lakka/actor/setup/ActorSystemSetup;)Lakka/actor/ActorSystem;+98
j  play.api.libs.concurrent.ActorSystemProvider$.start(Ljava/lang/ClassLoader;Lplay/api/Configuration;Lscala/Option;)Lakka/actor/ActorSystem;+430
j  play.api.libs.concurrent.ActorSystemProvider$.start(Ljava/lang/ClassLoader;Lplay/api/Configuration;)Lakka/actor/ActorSystem;+6
j  play.api.libs.concurrent.ActorSystemProvider.get$lzycompute()Lakka/actor/ActorSystem;+26
j  play.api.libs.concurrent.ActorSystemProvider.get()Lakka/actor/ActorSystem;+15
j  play.api.libs.concurrent.ActorSystemProvider.get()Ljava/lang/Object;+1
j  com.google.inject.internal.ProviderInternalFactory.provision(Ljavax/inject/Provider;Lcom/google/inject/spi/Dependency;Lcom/google/inject/internal/ConstructionContext;)Ljava/lang/Object;+1
j  com.google.inject.internal.BoundProviderFactory.provision(Ljavax/inject/Provider;Lcom/google/inject/spi/Dependency;Lcom/google/inject/internal/ConstructionContext;)Ljava/lang/Object;+4
j  com.google.inject.internal.ProviderInternalFactory.circularGet(Ljavax/inject/Provider;Lcom/google/inject/internal/InternalContext;Lcom/google/inject/spi/Dependency;Lcom/google/inject/internal/ProvisionListenerStackCallback;)Ljava/lang/Object;+58
j  com.google.inject.internal.BoundProviderFactory.get(Lcom/google/inject/internal/InternalContext;Lcom/google/inject/spi/Dependency;Z)Ljava/lang/Object;+38
j  com.google.inject.internal.SingleFieldInjector.inject(Lcom/google/inject/internal/InternalContext;Ljava/lang/Object;)V+29
j  com.google.inject.internal.MembersInjectorImpl.injectMembers(Ljava/lang/Object;Lcom/google/inject/internal/InternalContext;Z)V+61
j  com.google.inject.internal.MembersInjectorImpl.injectAndNotify(Ljava/lang/Object;Lcom/google/inject/Key;Lcom/google/inject/internal/ProvisionListenerStackCallback;Ljava/lang/Object;Z)V+62
j  com.google.inject.internal.MembersInjectorImpl.injectMembers(Ljava/lang/Object;)V+11
j  com.google.inject.internal.InjectorImpl.injectMembers(Ljava/lang/Object;)V+11
j  com.google.inject.util.Providers$GuicifiedProviderWithDependencies.initialize(Lcom/google/inject/Injector;)V+5
j  com.google.inject.util.Providers$GuicifiedProviderWithDependencies$$FastClassByGuice$$2a7177aa.invoke(ILjava/lang/Object;[Ljava/lang/Object;)Ljava/lang/Object;+50
j  com.google.inject.internal.SingleMethodInjector$1.invoke(Ljava/lang/Object;[Ljava/lang/Object;)Ljava/lang/Object;+10
j  com.google.inject.internal.SingleMethodInjector.inject(Lcom/google/inject/internal/InternalContext;Ljava/lang/Object;)V+15
j  com.google.inject.internal.MembersInjectorImpl.injectMembers(Ljava/lang/Object;Lcom/google/inject/internal/InternalContext;Z)V+61
j  com.google.inject.internal.MembersInjectorImpl.injectAndNotify(Ljava/lang/Object;Lcom/google/inject/Key;Lcom/google/inject/internal/ProvisionListenerStackCallback;Ljava/lang/Object;Z)V+62
j  com.google.inject.internal.Initializer$InjectableReference.get()Ljava/lang/Object;+203
j  com.google.inject.internal.Initializer.injectAll(Lcom/google/inject/internal/Errors;)V+39
j  com.google.inject.internal.InternalInjectorCreator.injectDynamically()V+24
j  com.google.inject.internal.InternalInjectorCreator.build()Lcom/google/inject/Injector;+78
j  com.google.inject.Guice.createInjector(Lcom/google/inject/Stage;Ljava/lang/Iterable;)Lcom/google/inject/Injector;+15
j  com.google.inject.Guice.createInjector(Lcom/google/inject/Stage;[Lcom/google/inject/Module;)Lcom/google/inject/Injector;+5
j  play.api.inject.guice.GuiceBuilder.injector()Lplay/api/inject/Injector;+65
j  play.api.inject.guice.GuiceApplicationBuilder.build()Lplay/api/Application;+1
j  play.api.inject.guice.GuiceApplicationLoader.load(Lplay/api/ApplicationLoader$Context;)Lplay/api/Application;+5
j  play.core.server.DevServerStart$$anonfun$mainDev$1$$anon$1$$anonfun$1.apply()Lplay/api/Application;+60
j  play.core.server.DevServerStart$$anonfun$mainDev$1$$anon$1$$anonfun$1.apply()Ljava/lang/Object;+1
j  play.utils.Threads$.withContextClassLoader(Ljava/lang/ClassLoader;Lscala/Function0;)Ljava/lang/Object;+16
j  play.core.server.DevServerStart$$anonfun$mainDev$1$$anon$1.reload(Ljava/lang/ClassLoader;)Lscala/util/Try;+136
j  play.core.server.DevServerStart$$anonfun$mainDev$1$$anon$1.get()Lscala/util/Try;+33
j  play.core.server.DevServerStart$$anonfun$mainDev$1$$anonfun$apply$1.apply()Lscala/concurrent/Future;+12
j  play.core.server.DevServerStart$$anonfun$mainDev$1$$anonfun$apply$1.apply()Ljava/lang/Object;+1
j  akka.actor.CoordinatedShutdown$$anonfun$4.apply(Lscala/Tuple2;)Lscala/concurrent/Future;+25
j  akka.actor.CoordinatedShutdown$$anonfun$4.apply(Ljava/lang/Object;)Ljava/lang/Object;+5
J 6317 C1 scala.collection.TraversableLike$$anonfun$map$1.apply(Ljava/lang/Object;)Ljava/lang/Object; (6 bytes) @ 0x000000010c2082bc [0x000000010c2080e0+0x1dc]
J 6258 C1 scala.collection.AbstractIterator.foreach(Lscala/Function1;)V (6 bytes) @ 0x000000010b270914 [0x000000010b270700+0x214]
J 6263 C1 scala.collection.AbstractIterable.foreach(Lscala/Function1;)V (6 bytes) @ 0x000000010b65181c [0x000000010b651620+0x1fc]
j  scala.collection.TraversableLike$class.map(Lscala/collection/TraversableLike;Lscala/Function1;Lscala/collection/generic/CanBuildFrom;)Ljava/lang/Object;+17
j  scala.collection.AbstractTraversable.map(Lscala/Function1;Lscala/collection/generic/CanBuildFrom;)Ljava/lang/Object;+3
j  akka.actor.CoordinatedShutdown.akka$actor$CoordinatedShutdown$$loop$1(Lscala/collection/immutable/List;Z)Lscala/concurrent/Future;+320
j  akka.actor.CoordinatedShutdown$$anonfun$akka$actor$CoordinatedShutdown$$loop$1$1.apply(Lakka/Done$;)Lscala/concurrent/Future;+12
j  akka.actor.CoordinatedShutdown$$anonfun$akka$actor$CoordinatedShutdown$$loop$1$1.apply(Ljava/lang/Object;)Ljava/lang/Object;+5
j  scala.concurrent.Future$$anonfun$flatMap$1.apply(Lscala/util/Try;)Ljava/lang/Object;+45
j  scala.concurrent.Future$$anonfun$flatMap$1.apply(Ljava/lang/Object;)Ljava/lang/Object;+5
j  scala.concurrent.impl.CallbackRunnable.run()V+26
j  akka.dispatch.BatchingExecutor$AbstractBatch.processBatch(Lakka/dispatch/BatchingExecutor$AbstractBatch;)V+19
j  akka.dispatch.BatchingExecutor$BlockableBatch$$anonfun$run$1.apply$mcV$sp()V+8
j  akka.dispatch.BatchingExecutor$BlockableBatch$$anonfun$run$1.apply()V+1
j  akka.dispatch.BatchingExecutor$BlockableBatch$$anonfun$run$1.apply()Ljava/lang/Object;+1
j  scala.concurrent.BlockContext$.withBlockContext(Lscala/concurrent/BlockContext;Lscala/Function0;)Ljava/lang/Object;+20
j  akka.dispatch.BatchingExecutor$BlockableBatch.run()V+95
j  akka.dispatch.TaskInvocation.run()V+4
j  akka.dispatch.ForkJoinExecutorConfigurator$AkkaForkJoinTask.exec()Z+4
j  akka.dispatch.forkjoin.ForkJoinTask.doExec()I+10
J 6811 C1 akka.dispatch.forkjoin.ForkJoinPool$WorkQueue.runTask(Lakka/dispatch/forkjoin/ForkJoinTask;)V (60 bytes) @ 0x000000010b791c24 [0x000000010b791ac0+0x164]
j  akka.dispatch.forkjoin.ForkJoinPool.runWorker(Lakka/dispatch/forkjoin/ForkJoinPool$WorkQueue;)V+11
j  akka.dispatch.forkjoin.ForkJoinWorkerThread.run()V+14
v  ~StubRoutines::call_stub
V  [libjvm.dylib+0x2f1b06]
V  [libjvm.dylib+0x2f22aa]
V  [libjvm.dylib+0x2f2456]
V  [libjvm.dylib+0x34cd45]
V  [libjvm.dylib+0x576b93]
V  [libjvm.dylib+0x57828e]
...<more frames>...

Java frames: (J=compiled Java code, j=interpreted, Vv=VM code)
J 108  java.util.zip.ZipFile.getEntry(J[BZ)J (0 bytes) @ 0x000000010b247d18 [0x000000010b247cc0+0x58]
J 282 C2 sun.misc.URLClassPath$JarLoader.getResource(Ljava/lang/String;Z)Lsun/misc/Resource; (85 bytes) @ 0x000000010b2ecc00 [0x000000010b2ec720+0x4e0]
J 3583 C2 sun.misc.URLClassPath$JarLoader.findResource(Ljava/lang/String;Z)Ljava/net/URL; (18 bytes) @ 0x000000010bd7aa94 [0x000000010bd7aa60+0x34]
J 3757 C1 sun.misc.URLClassPath$1.next()Z (63 bytes) @ 0x000000010be00b0c [0x000000010be009a0+0x16c]
J 5995 C1 sun.misc.URLClassPath$1.hasMoreElements()Z (5 bytes) @ 0x000000010c1bf8bc [0x000000010c1bf840+0x7c]
J 4018 C1 java.net.URLClassLoader$3$1.run()Ljava/lang/Object; (5 bytes) @ 0x000000010beab8d4 [0x000000010beab760+0x174]
v  ~StubRoutines::call_stub
J 3526  java.security.AccessController.doPrivileged(Ljava/security/PrivilegedAction;Ljava/security/AccessControlContext;)Ljava/lang/Object; (0 bytes) @ 0x000000010bd4f763 [0x000000010bd4f700+0x63]
J 3758 C1 java.net.URLClassLoader$3.next()Z (73 bytes) @ 0x000000010bdfeab4 [0x000000010bdfe8e0+0x1d4]
J 4017 C1 java.net.URLClassLoader$3.hasMoreElements()Z (5 bytes) @ 0x000000010beab43c [0x000000010beab3c0+0x7c]
J 4024 C1 sun.misc.CompoundEnumeration.next()Z (58 bytes) @ 0x000000010beaccc4 [0x000000010beacb20+0x1a4]
J 4025 C1 sun.misc.CompoundEnumeration.hasMoreElements()Z (5 bytes) @ 0x000000010beae07c [0x000000010beae000+0x7c]
J 4024 C1 sun.misc.CompoundEnumeration.next()Z (58 bytes) @ 0x000000010beaccc4 [0x000000010beacb20+0x1a4]
J 4025 C1 sun.misc.CompoundEnumeration.hasMoreElements()Z (5 bytes) @ 0x000000010beae07c [0x000000010beae000+0x7c]
j  akka.util.ManifestInfo.liftedTree2$1(Lscala/runtime/ObjectRef;)V+17
j  akka.util.ManifestInfo.<init>(Lakka/actor/ExtendedActorSystem;)V+25
j  akka.util.ManifestInfo$.createExtension(Lakka/actor/ExtendedActorSystem;)Lakka/util/ManifestInfo;+5
j  akka.util.ManifestInfo$.createExtension(Lakka/actor/ExtendedActorSystem;)Lakka/actor/Extension;+2
j  akka.actor.ActorSystemImpl.registerExtension(Lakka/actor/ExtensionId;)Lakka/actor/Extension;+39
j  akka.actor.ExtensionId$class.apply(Lakka/actor/ExtensionId;Lakka/actor/ActorSystem;)Lakka/actor/Extension;+10
j  akka.util.ManifestInfo$.apply(Lakka/actor/ActorSystem;)Lakka/actor/Extension;+2
j  akka.actor.ActorSystemImpl.liftedTree2$1()Lakka/actor/ActorSystemImpl;+82
j  akka.actor.ActorSystemImpl._start$lzycompute()Lakka/actor/ActorSystemImpl;+13
j  akka.actor.ActorSystemImpl._start()Lakka/actor/ActorSystemImpl;+15
j  akka.actor.ActorSystemImpl.start()Lakka/actor/ActorSystemImpl;+1
j  akka.actor.ActorSystem$.apply(Ljava/lang/String;Lakka/actor/setup/ActorSystemSetup;)Lakka/actor/ActorSystem;+98
j  play.api.libs.concurrent.ActorSystemProvider$.start(Ljava/lang/ClassLoader;Lplay/api/Configuration;Lscala/Option;)Lakka/actor/ActorSystem;+430
j  play.api.libs.concurrent.ActorSystemProvider$.start(Ljava/lang/ClassLoader;Lplay/api/Configuration;)Lakka/actor/ActorSystem;+6
j  play.api.libs.concurrent.ActorSystemProvider.get$lzycompute()Lakka/actor/ActorSystem;+26
j  play.api.libs.concurrent.ActorSystemProvider.get()Lakka/actor/ActorSystem;+15
j  play.api.libs.concurrent.ActorSystemProvider.get()Ljava/lang/Object;+1
j  com.google.inject.internal.ProviderInternalFactory.provision(Ljavax/inject/Provider;Lcom/google/inject/spi/Dependency;Lcom/google/inject/internal/ConstructionContext;)Ljava/lang/Object;+1
j  com.google.inject.internal.BoundProviderFactory.provision(Ljavax/inject/Provider;Lcom/google/inject/spi/Dependency;Lcom/google/inject/internal/ConstructionContext;)Ljava/lang/Object;+4
j  com.google.inject.internal.ProviderInternalFactory.circularGet(Ljavax/inject/Provider;Lcom/google/inject/internal/InternalContext;Lcom/google/inject/spi/Dependency;Lcom/google/inject/internal/ProvisionListenerStackCallback;)Ljava/lang/Object;+58
j  com.google.inject.internal.BoundProviderFactory.get(Lcom/google/inject/internal/InternalContext;Lcom/google/inject/spi/Dependency;Z)Ljava/lang/Object;+38
j  com.google.inject.internal.SingleFieldInjector.inject(Lcom/google/inject/internal/InternalContext;Ljava/lang/Object;)V+29
j  com.google.inject.internal.MembersInjectorImpl.injectMembers(Ljava/lang/Object;Lcom/google/inject/internal/InternalContext;Z)V+61
j  com.google.inject.internal.MembersInjectorImpl.injectAndNotify(Ljava/lang/Object;Lcom/google/inject/Key;Lcom/google/inject/internal/ProvisionListenerStackCallback;Ljava/lang/Object;Z)V+62
j  com.google.inject.internal.MembersInjectorImpl.injectMembers(Ljava/lang/Object;)V+11
j  com.google.inject.internal.InjectorImpl.injectMembers(Ljava/lang/Object;)V+11
j  com.google.inject.util.Providers$GuicifiedProviderWithDependencies.initialize(Lcom/google/inject/Injector;)V+5
j  com.google.inject.util.Providers$GuicifiedProviderWithDependencies$$FastClassByGuice$$2a7177aa.invoke(ILjava/lang/Object;[Ljava/lang/Object;)Ljava/lang/Object;+50
j  com.google.inject.internal.SingleMethodInjector$1.invoke(Ljava/lang/Object;[Ljava/lang/Object;)Ljava/lang/Object;+10
j  com.google.inject.internal.SingleMethodInjector.inject(Lcom/google/inject/internal/InternalContext;Ljava/lang/Object;)V+15
j  com.google.inject.internal.MembersInjectorImpl.injectMembers(Ljava/lang/Object;Lcom/google/inject/internal/InternalContext;Z)V+61
j  com.google.inject.internal.MembersInjectorImpl.injectAndNotify(Ljava/lang/Object;Lcom/google/inject/Key;Lcom/google/inject/internal/ProvisionListenerStackCallback;Ljava/lang/Object;Z)V+62
j  com.google.inject.internal.Initializer$InjectableReference.get()Ljava/lang/Object;+203
j  com.google.inject.internal.Initializer.injectAll(Lcom/google/inject/internal/Errors;)V+39
j  com.google.inject.internal.InternalInjectorCreator.injectDynamically()V+24
j  com.google.inject.internal.InternalInjectorCreator.build()Lcom/google/inject/Injector;+78
j  com.google.inject.Guice.createInjector(Lcom/google/inject/Stage;Ljava/lang/Iterable;)Lcom/google/inject/Injector;+15
j  com.google.inject.Guice.createInjector(Lcom/google/inject/Stage;[Lcom/google/inject/Module;)Lcom/google/inject/Injector;+5
j  play.api.inject.guice.GuiceBuilder.injector()Lplay/api/inject/Injector;+65
j  play.api.inject.guice.GuiceApplicationBuilder.build()Lplay/api/Application;+1
j  play.api.inject.guice.GuiceApplicationLoader.load(Lplay/api/ApplicationLoader$Context;)Lplay/api/Application;+5
j  play.core.server.DevServerStart$$anonfun$mainDev$1$$anon$1$$anonfun$1.apply()Lplay/api/Application;+60
j  play.core.server.DevServerStart$$anonfun$mainDev$1$$anon$1$$anonfun$1.apply()Ljava/lang/Object;+1
j  play.utils.Threads$.withContextClassLoader(Ljava/lang/ClassLoader;Lscala/Function0;)Ljava/lang/Object;+16
j  play.core.server.DevServerStart$$anonfun$mainDev$1$$anon$1.reload(Ljava/lang/ClassLoader;)Lscala/util/Try;+136
j  play.core.server.DevServerStart$$anonfun$mainDev$1$$anon$1.get()Lscala/util/Try;+33
j  play.core.server.DevServerStart$$anonfun$mainDev$1$$anonfun$apply$1.apply()Lscala/concurrent/Future;+12
j  play.core.server.DevServerStart$$anonfun$mainDev$1$$anonfun$apply$1.apply()Ljava/lang/Object;+1
j  akka.actor.CoordinatedShutdown$$anonfun$4.apply(Lscala/Tuple2;)Lscala/concurrent/Future;+25
j  akka.actor.CoordinatedShutdown$$anonfun$4.apply(Ljava/lang/Object;)Ljava/lang/Object;+5
J 6317 C1 scala.collection.TraversableLike$$anonfun$map$1.apply(Ljava/lang/Object;)Ljava/lang/Object; (6 bytes) @ 0x000000010c2082bc [0x000000010c2080e0+0x1dc]
J 6258 C1 scala.collection.AbstractIterator.foreach(Lscala/Function1;)V (6 bytes) @ 0x000000010b270914 [0x000000010b270700+0x214]
J 6263 C1 scala.collection.AbstractIterable.foreach(Lscala/Function1;)V (6 bytes) @ 0x000000010b65181c [0x000000010b651620+0x1fc]
j  scala.collection.TraversableLike$class.map(Lscala/collection/TraversableLike;Lscala/Function1;Lscala/collection/generic/CanBuildFrom;)Ljava/lang/Object;+17
j  scala.collection.AbstractTraversable.map(Lscala/Function1;Lscala/collection/generic/CanBuildFrom;)Ljava/lang/Object;+3
j  akka.actor.CoordinatedShutdown.akka$actor$CoordinatedShutdown$$loop$1(Lscala/collection/immutable/List;Z)Lscala/concurrent/Future;+320
j  akka.actor.CoordinatedShutdown$$anonfun$akka$actor$CoordinatedShutdown$$loop$1$1.apply(Lakka/Done$;)Lscala/concurrent/Future;+12
j  akka.actor.CoordinatedShutdown$$anonfun$akka$actor$CoordinatedShutdown$$loop$1$1.apply(Ljava/lang/Object;)Ljava/lang/Object;+5
j  scala.concurrent.Future$$anonfun$flatMap$1.apply(Lscala/util/Try;)Ljava/lang/Object;+45
j  scala.concurrent.Future$$anonfun$flatMap$1.apply(Ljava/lang/Object;)Ljava/lang/Object;+5
j  scala.concurrent.impl.CallbackRunnable.run()V+26
j  akka.dispatch.BatchingExecutor$AbstractBatch.processBatch(Lakka/dispatch/BatchingExecutor$AbstractBatch;)V+19
j  akka.dispatch.BatchingExecutor$BlockableBatch$$anonfun$run$1.apply$mcV$sp()V+8
j  akka.dispatch.BatchingExecutor$BlockableBatch$$anonfun$run$1.apply()V+1
j  akka.dispatch.BatchingExecutor$BlockableBatch$$anonfun$run$1.apply()Ljava/lang/Object;+1
j  scala.concurrent.BlockContext$.withBlockContext(Lscala/concurrent/BlockContext;Lscala/Function0;)Ljava/lang/Object;+20
j  akka.dispatch.BatchingExecutor$BlockableBatch.run()V+95
j  akka.dispatch.TaskInvocation.run()V+4
j  akka.dispatch.ForkJoinExecutorConfigurator$AkkaForkJoinTask.exec()Z+4
j  akka.dispatch.forkjoin.ForkJoinTask.doExec()I+10
J 6811 C1 akka.dispatch.forkjoin.ForkJoinPool$WorkQueue.runTask(Lakka/dispatch/forkjoin/ForkJoinTask;)V (60 bytes) @ 0x000000010b791c24 [0x000000010b791ac0+0x164]
j  akka.dispatch.forkjoin.ForkJoinPool.runWorker(Lakka/dispatch/forkjoin/ForkJoinPool$WorkQueue;)V+11
j  akka.dispatch.forkjoin.ForkJoinWorkerThread.run()V+14
v  ~StubRoutines::call_stub

---------------  P R O C E S S  ---------------

Java Threads: ( => current thread )
  0x00007fb0b6b6b000 JavaThread "application-akka.actor.default-dispatcher-4" [_thread_blocked, id=37643, stack(0x0000700004886000,0x0000700004986000)]
  0x00007fb0bc349800 JavaThread "application-akka.actor.default-dispatcher-3" [_thread_blocked, id=35347, stack(0x0000700004783000,0x0000700004883000)]
  0x00007fb0bc728000 JavaThread "application-akka.actor.default-dispatcher-2" [_thread_blocked, id=29195, stack(0x0000700004680000,0x0000700004780000)]
  0x00007fb0bb04c800 JavaThread "application-scheduler-1" [_thread_blocked, id=30479, stack(0x000070000457d000,0x000070000467d000)]
  0x00007fb0bbcae000 JavaThread "AsyncAppender-Worker-ASYNCSTDOUT" daemon [_thread_blocked, id=38663, stack(0x000070000447a000,0x000070000457a000)]
  0x00007fb0b7187000 JavaThread "play-dev-mode-akka.actor.default-dispatcher-6" [_thread_blocked, id=13319, stack(0x0000700004a8c000,0x0000700004b8c000)]
=>0x00007fb0b6620000 JavaThread "play-dev-mode-akka.actor.default-dispatcher-5" [_thread_in_native, id=12807, stack(0x0000700004171000,0x0000700004271000)]
  0x00007fb0b5ef5000 JavaThread "Neo4jDriverIO-2-5" [_thread_in_native, id=24071, stack(0x0000700004274000,0x0000700004374000)]
  0x00007fb0bc59b800 JavaThread "Neo4jDriverIO-2-4" [_thread_in_native, id=28931, stack(0x00007000052a4000,0x00007000053a4000)]
  0x00007fb0b7112000 JavaThread "Neo4jDriverIO-2-3" [_thread_in_native, id=28675, stack(0x00007000051a1000,0x00007000052a1000)]
  0x00007fb0b5f04800 JavaThread "Neo4jDriverIO-2-2" [_thread_in_native, id=28419, stack(0x000070000509e000,0x000070000519e000)]
  0x00007fb0b7189000 JavaThread "Neo4jDriverIO-2-1" [_thread_in_native, id=36867, stack(0x0000700004f9b000,0x000070000509b000)]
  0x00007fb0b9a03800 JavaThread "com.google.common.base.internal.Finalizer" daemon [_thread_blocked, id=37379, stack(0x0000700004e98000,0x0000700004f98000)]
  0x00007fb0bae8a800 JavaThread "play-dev-mode-akka.actor.default-dispatcher-4" [_thread_blocked, id=24579, stack(0x0000700004377000,0x0000700004477000)]
  0x00007fb0bba56000 JavaThread "play-dev-mode-scheduler-1" [_thread_blocked, id=41219, stack(0x000070000406e000,0x000070000416e000)]
  0x00007fb0bab1a000 JavaThread "FSEvent thread" daemon [_thread_in_native, id=42243, stack(0x0000700003f6b000,0x000070000406b000)]
  0x00007fb0b887f000 JavaThread "resolver-5" daemon [_thread_blocked, id=22787, stack(0x0000700003e68000,0x0000700003f68000)]
  0x00007fb0b94bc800 JavaThread "resolver-4" daemon [_thread_blocked, id=22275, stack(0x0000700003d65000,0x0000700003e65000)]
  0x00007fb0b94bc000 JavaThread "resolver-3" daemon [_thread_blocked, id=42755, stack(0x0000700003c62000,0x0000700003d62000)]
  0x00007fb0ba38c800 JavaThread "resolver-2" daemon [_thread_blocked, id=43267, stack(0x0000700003b5f000,0x0000700003c5f000)]
  0x00007fb0b6801800 JavaThread "resolver-1" daemon [_thread_blocked, id=21763, stack(0x0000700003a5c000,0x0000700003b5c000)]
  0x00007fb0b704f800 JavaThread "Service Thread" daemon [_thread_blocked, id=15107, stack(0x0000700003856000,0x0000700003956000)]
  0x00007fb0b703f000 JavaThread "C1 CompilerThread3" daemon [_thread_blocked, id=15619, stack(0x0000700003753000,0x0000700003853000)]
  0x00007fb0b7036000 JavaThread "C2 CompilerThread2" daemon [_thread_in_native, id=16131, stack(0x0000700003650000,0x0000700003750000)]
  0x00007fb0b7035800 JavaThread "C2 CompilerThread1" daemon [_thread_blocked, id=16643, stack(0x000070000354d000,0x000070000364d000)]
  0x00007fb0b583a000 JavaThread "C2 CompilerThread0" daemon [_thread_blocked, id=17155, stack(0x000070000344a000,0x000070000354a000)]
  0x00007fb0b581d800 JavaThread "Signal Dispatcher" daemon [_thread_blocked, id=17667, stack(0x0000700003347000,0x0000700003447000)]
  0x00007fb0b5819800 JavaThread "Finalizer" daemon [_thread_blocked, id=12547, stack(0x000070000313e000,0x000070000323e000)]
  0x00007fb0b5816800 JavaThread "Reference Handler" daemon [_thread_blocked, id=12291, stack(0x000070000303b000,0x000070000313b000)]
  0x00007fb0b5803000 JavaThread "main" [_thread_blocked, id=4355, stack(0x000070000261d000,0x000070000271d000)]

Other Threads:
  0x00007fb0b702c000 VMThread [stack: 0x0000700002f38000,0x0000700003038000] [id=20227]
  0x00007fb0b6068000 WatcherThread [stack: 0x0000700003959000,0x0000700003a59000] [id=14851]

VM state:not at safepoint (normal execution)

VM Mutex/Monitor currently owned by a thread: None

heap address: 0x0000000740000000, size: 2048 MB, Compressed Oops mode: Zero based, Oop shift amount: 3
Narrow klass base: 0x0000000000000000, Narrow klass shift: 3
Compressed class space size: 1073741824 Address: 0x00000007c0000000

Heap:
 PSYoungGen      total 342528K, used 50226K [0x0000000795580000, 0x00000007b2180000, 0x00000007c0000000)
  eden space 299008K, 2% used [0x0000000795580000,0x0000000795c0dab8,0x00000007a7980000)
  from space 43520K, 99% used [0x00000007a7980000,0x00000007aa3fee60,0x00000007aa400000)
  to   space 51200K, 0% used [0x00000007aef80000,0x00000007aef80000,0x00000007b2180000)
 ParOldGen       total 248320K, used 95241K [0x0000000740000000, 0x000000074f280000, 0x0000000795580000)
  object space 248320K, 38% used [0x0000000740000000,0x0000000745d02478,0x000000074f280000)
 Metaspace       used 111093K, capacity 112825K, committed 113228K, reserved 1144832K
  class space    used 17144K, capacity 17692K, committed 17792K, reserved 1048576K

Card table byte_map: [0x000000010277e000,0x0000000102b7f000] byte_map_base: 0x00000000fed7e000

Marking Bits: (ParMarkBitMap*) 0x0000000101d01f80
 Begin Bits: [0x0000000102e2a000, 0x0000000104e2a000)
 End Bits:   [0x0000000104e2a000, 0x0000000106e2a000)

Polling page: 0x0000000100246000

CodeCache: size=245760Kb used=40471Kb max_used=41694Kb free=205288Kb
 bounds [0x000000010b104000, 0x000000010d9f4000, 0x000000011a104000]
 total_blobs=13516 nmethods=12947 adapters=479
 compilation: enabled

Compilation events (10 events):
Event: 1684.658 Thread 0x00007fb0b703f000 15247       3       java.net.URLClassLoader$3::nextElement (27 bytes)
Event: 1684.659 Thread 0x00007fb0b703f000 nmethod 15247 0x000000010c64f8d0 code [0x000000010c64fa60, 0x000000010c64fcf8]
Event: 1684.661 Thread 0x00007fb0b703f000 15248       1       akka.util.ManifestInfo$::akka$util$ManifestInfo$$BundleName (5 bytes)
Event: 1684.661 Thread 0x00007fb0b703f000 nmethod 15248 0x000000010c6c1450 code [0x000000010c6c15a0, 0x000000010c6c16b0]
Event: 1684.662 Thread 0x00007fb0b7035800 nmethod 15239 0x000000010ca4eb50 code [0x000000010ca4ed20, 0x000000010ca4f698]
Event: 1684.662 Thread 0x00007fb0b7035800 15206       4       java.util.Collections$UnmodifiableCollection::toArray (10 bytes)
Event: 1684.663 Thread 0x00007fb0b7035800 nmethod 15206 0x000000010cdf7350 code [0x000000010cdf74a0, 0x000000010cdf7538]
Event: 1684.663 Thread 0x00007fb0b7035800 15196       4       com.typesafe.config.impl.Token::origin (39 bytes)
Event: 1684.663 Thread 0x00007fb0b583a000 nmethod 15192% 0x000000010d1dca50 code [0x000000010d1dcc40, 0x000000010d1dda18]
Event: 1684.663 Thread 0x00007fb0b7035800 nmethod 15196 0x000000010d08d350 code [0x000000010d08d4a0, 0x000000010d08d538]

GC Heap History (10 events):
Event: 13.770 GC heap before
{Heap before GC invocations=13 (full 3):
 PSYoungGen      total 283648K, used 10243K [0x0000000795580000, 0x00000007aac80000, 0x00000007c0000000)
  eden space 264704K, 0% used [0x0000000795580000,0x0000000795580000,0x00000007a5800000)
  from space 18944K, 54% used [0x00000007a6a00000,0x00000007a7400e60,0x00000007a7c80000)
  to   space 18432K, 0% used [0x00000007a5800000,0x00000007a5800000,0x00000007a6a00000)
 ParOldGen       total 101376K, used 36651K [0x0000000740000000, 0x0000000746300000, 0x0000000795580000)
  object space 101376K, 36% used [0x0000000740000000,0x00000007423cac58,0x0000000746300000)
 Metaspace       used 57795K, capacity 58870K, committed 59028K, reserved 1099776K
  class space    used 9053K, capacity 9462K, committed 9472K, reserved 1048576K
Event: 13.881 GC heap after
Heap after GC invocations=13 (full 3):
 PSYoungGen      total 283648K, used 0K [0x0000000795580000, 0x00000007aac80000, 0x00000007c0000000)
  eden space 264704K, 0% used [0x0000000795580000,0x0000000795580000,0x00000007a5800000)
  from space 18944K, 0% used [0x00000007a6a00000,0x00000007a6a00000,0x00000007a7c80000)
  to   space 18432K, 0% used [0x00000007a5800000,0x00000007a5800000,0x00000007a6a00000)
 ParOldGen       total 130048K, used 25930K [0x0000000740000000, 0x0000000747f00000, 0x0000000795580000)
  object space 130048K, 19% used [0x0000000740000000,0x0000000741952ad8,0x0000000747f00000)
 Metaspace       used 57786K, capacity 58860K, committed 59028K, reserved 1099776K
  class space    used 9051K, capacity 9460K, committed 9472K, reserved 1048576K
}
Event: 1676.284 GC heap before
{Heap before GC invocations=14 (full 3):
 PSYoungGen      total 283648K, used 264704K [0x0000000795580000, 0x00000007aac80000, 0x00000007c0000000)
  eden space 264704K, 100% used [0x0000000795580000,0x00000007a5800000,0x00000007a5800000)
  from space 18944K, 0% used [0x00000007a6a00000,0x00000007a6a00000,0x00000007a7c80000)
  to   space 18432K, 0% used [0x00000007a5800000,0x00000007a5800000,0x00000007a6a00000)
 ParOldGen       total 130048K, used 25930K [0x0000000740000000, 0x0000000747f00000, 0x0000000795580000)
  object space 130048K, 19% used [0x0000000740000000,0x0000000741952ad8,0x0000000747f00000)
 Metaspace       used 76758K, capacity 78364K, committed 78680K, reserved 1116160K
  class space    used 11794K, capacity 12293K, committed 12416K, reserved 1048576K
Event: 1676.392 GC heap after
Heap after GC invocations=14 (full 3):
 PSYoungGen      total 283136K, used 18419K [0x0000000795580000, 0x00000007ab980000, 0x00000007c0000000)
  eden space 264704K, 0% used [0x0000000795580000,0x0000000795580000,0x00000007a5800000)
  from space 18432K, 99% used [0x00000007a5800000,0x00000007a69fce80,0x00000007a6a00000)
  to   space 22016K, 0% used [0x00000007aa400000,0x00000007aa400000,0x00000007ab980000)
 ParOldGen       total 130048K, used 29969K [0x0000000740000000, 0x0000000747f00000, 0x0000000795580000)
  object space 130048K, 23% used [0x0000000740000000,0x0000000741d44708,0x0000000747f00000)
 Metaspace       used 76758K, capacity 78364K, committed 78680K, reserved 1116160K
  class space    used 11794K, capacity 12293K, committed 12416K, reserved 1048576K
}
Event: 1678.759 GC heap before
{Heap before GC invocations=15 (full 3):
 PSYoungGen      total 283136K, used 241667K [0x0000000795580000, 0x00000007ab980000, 0x00000007c0000000)
  eden space 264704K, 84% used [0x0000000795580000,0x00000007a2f83df8,0x00000007a5800000)
  from space 18432K, 99% used [0x00000007a5800000,0x00000007a69fce80,0x00000007a6a00000)
  to   space 22016K, 0% used [0x00000007aa400000,0x00000007aa400000,0x00000007ab980000)
 ParOldGen       total 130048K, used 29969K [0x0000000740000000, 0x0000000747f00000, 0x0000000795580000)
  object space 130048K, 23% used [0x0000000740000000,0x0000000741d44708,0x0000000747f00000)
 Metaspace       used 96410K, capacity 98023K, committed 98380K, reserved 1132544K
  class space    used 14975K, capacity 15471K, committed 15488K, reserved 1048576K
Event: 1678.805 GC heap after
Heap after GC invocations=15 (full 3):
 PSYoungGen      total 321024K, used 22000K [0x0000000795580000, 0x00000007ae500000, 0x00000007c0000000)
  eden space 299008K, 0% used [0x0000000795580000,0x0000000795580000,0x00000007a7980000)
  from space 22016K, 99% used [0x00000007aa400000,0x00000007ab97c3e8,0x00000007ab980000)
  to   space 43520K, 0% used [0x00000007a7980000,0x00000007a7980000,0x00000007aa400000)
 ParOldGen       total 130048K, used 80210K [0x0000000740000000, 0x0000000747f00000, 0x0000000795580000)
  object space 130048K, 61% used [0x0000000740000000,0x0000000744e549f8,0x0000000747f00000)
 Metaspace       used 96410K, capacity 98023K, committed 98380K, reserved 1132544K
  class space    used 14975K, capacity 15471K, committed 15488K, reserved 1048576K
}
Event: 1678.805 GC heap before
{Heap before GC invocations=16 (full 4):
 PSYoungGen      total 321024K, used 22000K [0x0000000795580000, 0x00000007ae500000, 0x00000007c0000000)
  eden space 299008K, 0% used [0x0000000795580000,0x0000000795580000,0x00000007a7980000)
  from space 22016K, 99% used [0x00000007aa400000,0x00000007ab97c3e8,0x00000007ab980000)
  to   space 43520K, 0% used [0x00000007a7980000,0x00000007a7980000,0x00000007aa400000)
 ParOldGen       total 130048K, used 80210K [0x0000000740000000, 0x0000000747f00000, 0x0000000795580000)
  object space 130048K, 61% used [0x0000000740000000,0x0000000744e549f8,0x0000000747f00000)
 Metaspace       used 96410K, capacity 98023K, committed 98380K, reserved 1132544K
  class space    used 14975K, capacity 15471K, committed 15488K, reserved 1048576K
Event: 1679.122 GC heap after
Heap after GC invocations=16 (full 4):
 PSYoungGen      total 321024K, used 0K [0x0000000795580000, 0x00000007ae500000, 0x00000007c0000000)
  eden space 299008K, 0% used [0x0000000795580000,0x0000000795580000,0x00000007a7980000)
  from space 22016K, 0% used [0x00000007aa400000,0x00000007aa400000,0x00000007ab980000)
  to   space 43520K, 0% used [0x00000007a7980000,0x00000007a7980000,0x00000007aa400000)
 ParOldGen       total 248320K, used 93791K [0x0000000740000000, 0x000000074f280000, 0x0000000795580000)
  object space 248320K, 37% used [0x0000000740000000,0x0000000745b97e20,0x000000074f280000)
 Metaspace       used 96410K, capacity 98023K, committed 98380K, reserved 1132544K
  class space    used 14975K, capacity 15471K, committed 15488K, reserved 1048576K
}
Event: 1684.603 GC heap before
{Heap before GC invocations=17 (full 4):
 PSYoungGen      total 321024K, used 299008K [0x0000000795580000, 0x00000007ae500000, 0x00000007c0000000)
  eden space 299008K, 100% used [0x0000000795580000,0x00000007a7980000,0x00000007a7980000)
  from space 22016K, 0% used [0x00000007aa400000,0x00000007aa400000,0x00000007ab980000)
  to   space 43520K, 0% used [0x00000007a7980000,0x00000007a7980000,0x00000007aa400000)
 ParOldGen       total 248320K, used 93791K [0x0000000740000000, 0x000000074f280000, 0x0000000795580000)
  object space 248320K, 37% used [0x0000000740000000,0x0000000745b97e20,0x000000074f280000)
 Metaspace       used 111090K, capacity 112825K, committed 113228K, reserved 1144832K
  class space    used 17144K, capacity 17692K, committed 17792K, reserved 1048576K
Event: 1684.640 GC heap after
Heap after GC invocations=17 (full 4):
 PSYoungGen      total 342528K, used 43515K [0x0000000795580000, 0x00000007b2180000, 0x00000007c0000000)
  eden space 299008K, 0% used [0x0000000795580000,0x0000000795580000,0x00000007a7980000)
  from space 43520K, 99% used [0x00000007a7980000,0x00000007aa3fee60,0x00000007aa400000)
  to   space 51200K, 0% used [0x00000007aef80000,0x00000007aef80000,0x00000007b2180000)
 ParOldGen       total 248320K, used 95241K [0x0000000740000000, 0x000000074f280000, 0x0000000795580000)
  object space 248320K, 38% used [0x0000000740000000,0x0000000745d02478,0x000000074f280000)
 Metaspace       used 111090K, capacity 112825K, committed 113228K, reserved 1144832K
  class space    used 17144K, capacity 17692K, committed 17792K, reserved 1048576K
}

Deoptimization events (10 events):
Event: 1683.909 Thread 0x00007fb0bcc0e000 Uncommon trap: reason=unstable_if action=reinterpret pc=0x000000010d0f9a14 method=scala.runtime.ScalaRunTime$.array_length(Ljava/lang/Object;)I @ 4
Event: 1683.909 Thread 0x00007fb0bcc0e000 Uncommon trap: reason=unstable_if action=reinterpret pc=0x000000010c488d3c method=scala.runtime.ScalaRunTime$.array_update(Ljava/lang/Object;ILjava/lang/Object;)V @ 4
Event: 1683.920 Thread 0x00007fb0bcc0e000 Uncommon trap: reason=bimorphic action=maybe_recompile pc=0x000000010c5d12c8 method=scala.collection.generic.Growable$class.loop$1(Lscala/collection/generic/Growable;Lscala/collection/LinearSeq;)V @ 1
Event: 1683.925 Thread 0x00007fb0bcc0e000 Uncommon trap: reason=bimorphic action=maybe_recompile pc=0x000000010c5d12c8 method=scala.collection.generic.Growable$class.loop$1(Lscala/collection/generic/Growable;Lscala/collection/LinearSeq;)V @ 1
Event: 1683.928 Thread 0x00007fb0bcc0e000 Uncommon trap: reason=bimorphic action=maybe_recompile pc=0x000000010c5d12c8 method=scala.collection.generic.Growable$class.loop$1(Lscala/collection/generic/Growable;Lscala/collection/LinearSeq;)V @ 1
Event: 1684.256 Thread 0x00007fb0bcc0e000 Uncommon trap: reason=class_check action=maybe_recompile pc=0x000000010c2ed92c method=scala.collection.Iterator$$anon$11.next()Ljava/lang/Object; @ 8
Event: 1684.317 Thread 0x00007fb0bcc0e000 Uncommon trap: reason=bimorphic action=maybe_recompile pc=0x000000010d13e464 method=scala.collection.IndexedSeqOptimized$class.foreach(Lscala/collection/IndexedSeqOptimized;Lscala/Function1;)V @ 3
Event: 1684.425 Thread 0x00007fb0b94c1000 Uncommon trap: reason=unstable_if action=reinterpret pc=0x000000010b32fab0 method=akka.actor.LightArrayRevolverScheduler$$anon$4.nextTick()V @ 142
Event: 1684.431 Thread 0x00007fb0b6620000 Uncommon trap: reason=class_check action=maybe_recompile pc=0x000000010bd15bcc method=sun.misc.URLClassPath.getLoader(I)Lsun/misc/URLClassPath$Loader; @ 94
Event: 1684.598 Thread 0x00007fb0bc349800 Uncommon trap: reason=unstable_if action=reinterpret pc=0x000000010c0d3794 method=akka.dispatch.forkjoin.ForkJoinPool.scan(Lakka/dispatch/forkjoin/ForkJoinPool$WorkQueue;)Lakka/dispatch/forkjoin/ForkJoinTask; @ 364

Classes redefined (0 events):
No events

Internal exceptions (10 events):
Event: 1684.284 Thread 0x00007fb0bcc0e000 Exception <a 'java/lang/NoSuchMethodError': <clinit>> (0x00000007a44cc4f8) thrown at [/jenkins/workspace/8-2-build-macosx-x86_64/jdk8u241/331/hotspot/src/share/vm/prims/jni.cpp, line 1614]
Event: 1684.284 Thread 0x00007fb0bcc0e000 Exception <a 'java/lang/NoSuchMethodError': <clinit>> (0x00000007a44cd388) thrown at [/jenkins/workspace/8-2-build-macosx-x86_64/jdk8u241/331/hotspot/src/share/vm/prims/jni.cpp, line 1614]
Event: 1684.284 Thread 0x00007fb0bcc0e000 Exception <a 'java/lang/NoSuchMethodError': <clinit>> (0x00000007a44ce058) thrown at [/jenkins/workspace/8-2-build-macosx-x86_64/jdk8u241/331/hotspot/src/share/vm/prims/jni.cpp, line 1614]
Event: 1684.284 Thread 0x00007fb0bcc0e000 Exception <a 'java/lang/NoSuchMethodError': <clinit>> (0x00000007a44cebf0) thrown at [/jenkins/workspace/8-2-build-macosx-x86_64/jdk8u241/331/hotspot/src/share/vm/prims/jni.cpp, line 1614]
Event: 1684.285 Thread 0x00007fb0bcc0e000 Exception <a 'java/lang/NoSuchMethodError': <clinit>> (0x00000007a44dde58) thrown at [/jenkins/workspace/8-2-build-macosx-x86_64/jdk8u241/331/hotspot/src/share/vm/prims/jni.cpp, line 1614]
Event: 1684.285 Thread 0x00007fb0bcc0e000 Exception <a 'java/lang/NoSuchMethodError': <clinit>> (0x00000007a44deeb0) thrown at [/jenkins/workspace/8-2-build-macosx-x86_64/jdk8u241/331/hotspot/src/share/vm/prims/jni.cpp, line 1614]
Event: 1684.285 Thread 0x00007fb0bcc0e000 Exception <a 'java/lang/NoSuchMethodError': <clinit>> (0x00000007a44e36f0) thrown at [/jenkins/workspace/8-2-build-macosx-x86_64/jdk8u241/331/hotspot/src/share/vm/prims/jni.cpp, line 1614]
Event: 1684.285 Thread 0x00007fb0bcc0e000 Exception <a 'java/lang/NoSuchMethodError': <clinit>> (0x00000007a44e4500) thrown at [/jenkins/workspace/8-2-build-macosx-x86_64/jdk8u241/331/hotspot/src/share/vm/prims/jni.cpp, line 1614]
Event: 1684.285 Thread 0x00007fb0bcc0e000 Exception <a 'java/lang/NoSuchMethodError': <clinit>> (0x00000007a44e51b0) thrown at [/jenkins/workspace/8-2-build-macosx-x86_64/jdk8u241/331/hotspot/src/share/vm/prims/jni.cpp, line 1614]
Event: 1684.292 Thread 0x00007fb0bcc0e000 Exception <a 'java/lang/NoSuchMethodError': <clinit>> (0x00000007a453cfd0) thrown at [/jenkins/workspace/8-2-build-macosx-x86_64/jdk8u241/331/hotspot/src/share/vm/prims/jni.cpp, line 1614]

Events (10 events):
Event: 1684.598 Thread 0x00007fb0bc349800 DEOPT UNPACKING pc=0x000000010b14973a sp=0x0000700004882800 mode 2
Event: 1684.598 Executing VM operation: RevokeBias
Event: 1684.598 Thread 0x00007fb0b6b6b000 Thread added: 0x00007fb0b6b6b000
Event: 1684.598 Executing VM operation: RevokeBias done
Event: 1684.600 Executing VM operation: RevokeBias
Event: 1684.600 Executing VM operation: RevokeBias done
Event: 1684.603 Executing VM operation: ParallelGCFailedAllocation
Event: 1684.640 Executing VM operation: ParallelGCFailedAllocation done
Event: 1684.648 Executing VM operation: RevokeBias
Event: 1684.648 Executing VM operation: RevokeBias done


Dynamic libraries:
0x00007fff38b77000 	/System/Library/Frameworks/Cocoa.framework/Versions/A/Cocoa
0x00007fff46143000 	/System/Library/Frameworks/Security.framework/Versions/A/Security
0x00007fff37b02000 	/System/Library/Frameworks/ApplicationServices.framework/Versions/A/ApplicationServices
0x00007fff7038f000 	/usr/lib/libz.1.dylib
0x00007fff6de62000 	/usr/lib/libSystem.B.dylib
0x00007fff6fcb3000 	/usr/lib/libobjc.A.dylib
0x00007fff39aed000 	/System/Library/Frameworks/CoreFoundation.framework/Versions/A/CoreFoundation
0x00007fff3c1b2000 	/System/Library/Frameworks/Foundation.framework/Versions/C/Foundation
0x00007fff36cf7000 	/System/Library/Frameworks/AppKit.framework/Versions/C/AppKit
0x00007fff395fa000 	/System/Library/Frameworks/CoreData.framework/Versions/A/CoreData
0x00007fff6a70d000 	/System/Library/PrivateFrameworks/UIFoundation.framework/Versions/A/UIFoundation
0x00007fff64ef8000 	/System/Library/PrivateFrameworks/RemoteViewServices.framework/Versions/A/RemoteViewServices
0x00007fff6d19d000 	/System/Library/PrivateFrameworks/XCTTargetBootstrap.framework/Versions/A/XCTTargetBootstrap
0x00007fff399dd000 	/System/Library/Frameworks/CoreDisplay.framework/Versions/A/CoreDisplay
0x00007fff3ef2a000 	/System/Library/Frameworks/Metal.framework/Versions/A/Metal
0x00007fff5332f000 	/System/Library/PrivateFrameworks/DesktopServicesPriv.framework/Versions/A/DesktopServicesPriv
0x00007fff6ef98000 	/usr/lib/liblangid.dylib
0x00007fff52486000 	/System/Library/PrivateFrameworks/CoreSVG.framework/Versions/A/CoreSVG
0x00007fff67cba000 	/System/Library/PrivateFrameworks/SkyLight.framework/Versions/A/SkyLight
0x00007fff39f6f000 	/System/Library/Frameworks/CoreGraphics.framework/Versions/A/CoreGraphics
0x00007fff35896000 	/System/Library/Frameworks/Accelerate.framework/Versions/A/Accelerate
0x00007fff70280000 	/usr/lib/libxml2.2.dylib
0x00007fff5e037000 	/System/Library/PrivateFrameworks/IconServices.framework/Versions/A/IconServices
0x00007fff3c996000 	/System/Library/Frameworks/IOSurface.framework/Versions/A/IOSurface
0x00007fff6d99a000 	/usr/lib/libDiagnosticMessagesClient.dylib
0x00007fff531a8000 	/System/Library/PrivateFrameworks/DFRFoundation.framework/Versions/A/DFRFoundation
0x00007fff6ed26000 	/usr/lib/libicucore.A.dylib
0x00007fff37e34000 	/System/Library/Frameworks/AudioToolbox.framework/Versions/A/AudioToolbox
0x00007fff37f16000 	/System/Library/Frameworks/AudioUnit.framework/Versions/A/AudioUnit
0x00007fff6e063000 	/usr/lib/libauto.dylib
0x00007fff53229000 	/System/Library/PrivateFrameworks/DataDetectorsCore.framework/Versions/A/DataDetectorsCore
0x00007fff38697000 	/System/Library/Frameworks/Carbon.framework/Versions/A/Frameworks/HIToolbox.framework/Versions/A/HIToolbox
0x00007fff45375000 	/System/Library/Frameworks/QuartzCore.framework/Versions/A/QuartzCore
0x00007fff389d6000 	/System/Library/Frameworks/Carbon.framework/Versions/A/Frameworks/SpeechRecognition.framework/Versions/A/SpeechRecognition
0x00007fff52b2e000 	/System/Library/PrivateFrameworks/CoreUI.framework/Versions/A/CoreUI
0x00007fff39060000 	/System/Library/Frameworks/CoreAudio.framework/Versions/A/CoreAudio
0x00007fff3be7a000 	/System/Library/Frameworks/DiskArbitration.framework/Versions/A/DiskArbitration
0x00007fff6004b000 	/System/Library/PrivateFrameworks/MultitouchSupport.framework/Versions/A/MultitouchSupport
0x00007fff6ebec000 	/usr/lib/libenergytrace.dylib
0x00007fff3c8f1000 	/System/Library/Frameworks/IOKit.framework/Versions/A/IOKit
0x00007fff3aedd000 	/System/Library/Frameworks/CoreServices.framework/Versions/A/CoreServices
0x00007fff62155000 	/System/Library/PrivateFrameworks/PerformanceAnalysis.framework/Versions/A/PerformanceAnalysis
0x00007fff443ab000 	/System/Library/Frameworks/OpenGL.framework/Versions/A/OpenGL
0x00007fff38b85000 	/System/Library/Frameworks/ColorSync.framework/Versions/A/ColorSync
0x00007fff3a5f6000 	/System/Library/Frameworks/CoreImage.framework/Versions/A/CoreImage
0x00007fff3b953000 	/System/Library/Frameworks/CoreText.framework/Versions/A/CoreText
0x00007fff3ca1c000 	/System/Library/Frameworks/ImageIO.framework/Versions/A/ImageIO
0x00007fff6e148000 	/usr/lib/libc++.1.dylib
0x00007fff6e1c4000 	/usr/lib/libcompression.dylib
0x00007fff6dcdc000 	/usr/lib/libMobileGestalt.dylib
0x00007fff697ef000 	/System/Library/PrivateFrameworks/TextureIO.framework/Versions/A/TextureIO
0x00007fff6dfc9000 	/usr/lib/libate.dylib
0x00007fff5e240000 	/System/Library/PrivateFrameworks/InternationalSupport.framework/Versions/A/InternationalSupport
0x00007fff70e05000 	/usr/lib/system/libcache.dylib
0x00007fff70e0b000 	/usr/lib/system/libcommonCrypto.dylib
0x00007fff70e17000 	/usr/lib/system/libcompiler_rt.dylib
0x00007fff70e1f000 	/usr/lib/system/libcopyfile.dylib
0x00007fff70e29000 	/usr/lib/system/libcorecrypto.dylib
0x00007fff70fd7000 	/usr/lib/system/libdispatch.dylib
0x00007fff71019000 	/usr/lib/system/libdyld.dylib
0x00007fff7104f000 	/usr/lib/system/libkeymgr.dylib
0x00007fff7105d000 	/usr/lib/system/liblaunch.dylib
0x00007fff7105e000 	/usr/lib/system/libmacho.dylib
0x00007fff71064000 	/usr/lib/system/libquarantine.dylib
0x00007fff71067000 	/usr/lib/system/libremovefile.dylib
0x00007fff71069000 	/usr/lib/system/libsystem_asl.dylib
0x00007fff71081000 	/usr/lib/system/libsystem_blocks.dylib
0x00007fff71082000 	/usr/lib/system/libsystem_c.dylib
0x00007fff7110a000 	/usr/lib/system/libsystem_configuration.dylib
0x00007fff7110e000 	/usr/lib/system/libsystem_coreservices.dylib
0x00007fff71112000 	/usr/lib/system/libsystem_darwin.dylib
0x00007fff7111b000 	/usr/lib/system/libsystem_dnssd.dylib
0x00007fff71123000 	/usr/lib/system/libsystem_featureflags.dylib
0x00007fff71125000 	/usr/lib/system/libsystem_info.dylib
0x00007fff711a0000 	/usr/lib/system/libsystem_m.dylib
0x00007fff711e8000 	/usr/lib/system/libsystem_malloc.dylib
0x00007fff71210000 	/usr/lib/system/libsystem_networkextension.dylib
0x00007fff7121e000 	/usr/lib/system/libsystem_notify.dylib
0x00007fff7123d000 	/usr/lib/system/libsystem_sandbox.dylib
0x00007fff71242000 	/usr/lib/system/libsystem_secinit.dylib
0x00007fff71173000 	/usr/lib/system/libsystem_kernel.dylib
0x00007fff71228000 	/usr/lib/system/libsystem_platform.dylib
0x00007fff71232000 	/usr/lib/system/libsystem_pthread.dylib
0x00007fff71245000 	/usr/lib/system/libsystem_symptoms.dylib
0x00007fff7124d000 	/usr/lib/system/libsystem_trace.dylib
0x00007fff71265000 	/usr/lib/system/libunwind.dylib
0x00007fff7126b000 	/usr/lib/system/libxpc.dylib
0x00007fff6e19c000 	/usr/lib/libc++abi.dylib
0x00007fff6ef9a000 	/usr/lib/liblzma.5.dylib
0x00007fff6ec14000 	/usr/lib/libfakelink.dylib
0x00007fff6df56000 	/usr/lib/libarchive.2.dylib
0x00007fff472e3000 	/System/Library/Frameworks/SystemConfiguration.framework/Versions/A/SystemConfiguration
0x00007fff6d8cb000 	/usr/lib/libCRFSuite.dylib
0x00007fff3828c000 	/System/Library/Frameworks/CFNetwork.framework/Versions/A/CFNetwork
0x00007fff6e12a000 	/usr/lib/libbsm.0.dylib
0x00007fff71050000 	/usr/lib/system/libkxld.dylib
0x00007fff4cc6a000 	/System/Library/PrivateFrameworks/AppleFSCompression.framework/Versions/A/AppleFSCompression
0x00007fff6e4ab000 	/usr/lib/libcoretls.dylib
0x00007fff6e4c2000 	/usr/lib/libcoretls_cfhelpers.dylib
0x00007fff6fcf7000 	/usr/lib/libpam.2.dylib
0x00007fff6fe2a000 	/usr/lib/libsqlite3.dylib
0x00007fff7026d000 	/usr/lib/libxar.1.dylib
0x00007fff6e13b000 	/usr/lib/libbz2.1.0.dylib
0x00007fff6ec35000 	/usr/lib/libiconv.2.dylib
0x00007fff6e1b1000 	/usr/lib/libcharset.1.dylib
0x00007fff6f79e000 	/usr/lib/libnetwork.dylib
0x00007fff6fcfe000 	/usr/lib/libpcap.A.dylib
0x00007fff6df0b000 	/usr/lib/libapple_nghttp2.dylib
0x00007fff3b294000 	/System/Library/Frameworks/CoreServices.framework/Versions/A/Frameworks/FSEvents.framework/Versions/A/FSEvents
0x00007fff3af64000 	/System/Library/Frameworks/CoreServices.framework/Versions/A/Frameworks/CarbonCore.framework/Versions/A/CarbonCore
0x00007fff3b4d7000 	/System/Library/Frameworks/CoreServices.framework/Versions/A/Frameworks/Metadata.framework/Versions/A/Metadata
0x00007fff3b570000 	/System/Library/Frameworks/CoreServices.framework/Versions/A/Frameworks/OSServices.framework/Versions/A/OSServices
0x00007fff3b59e000 	/System/Library/Frameworks/CoreServices.framework/Versions/A/Frameworks/SearchKit.framework/Versions/A/SearchKit
0x00007fff3aede000 	/System/Library/Frameworks/CoreServices.framework/Versions/A/Frameworks/AE.framework/Versions/A/AE
0x00007fff3b29d000 	/System/Library/Frameworks/CoreServices.framework/Versions/A/Frameworks/LaunchServices.framework/Versions/A/LaunchServices
0x00007fff3b246000 	/System/Library/Frameworks/CoreServices.framework/Versions/A/Frameworks/DictionaryServices.framework/Versions/A/DictionaryServices
0x00007fff3b606000 	/System/Library/Frameworks/CoreServices.framework/Versions/A/Frameworks/SharedFileList.framework/Versions/A/SharedFileList
0x00007fff401ff000 	/System/Library/Frameworks/NetFS.framework/Versions/A/NetFS
0x00007fff60578000 	/System/Library/PrivateFrameworks/NetAuth.framework/Versions/A/NetAuth
0x00007fff6d568000 	/System/Library/PrivateFrameworks/login.framework/Versions/A/Frameworks/loginsupport.framework/Versions/A/loginsupport
0x00007fff692ea000 	/System/Library/PrivateFrameworks/TCC.framework/Versions/A/TCC
0x00007fff51855000 	/System/Library/PrivateFrameworks/CoreNLP.framework/Versions/A/CoreNLP
0x00007fff5fa7b000 	/System/Library/PrivateFrameworks/MetadataUtilities.framework/Versions/A/MetadataUtilities
0x00007fff6f072000 	/usr/lib/libmecabra.dylib
0x00007fff6efca000 	/usr/lib/libmecab.dylib
0x00007fff6ec25000 	/usr/lib/libgermantok.dylib
0x00007fff6def2000 	/usr/lib/libThaiTokenizer.dylib
0x00007fff6d903000 	/usr/lib/libChineseTokenizer.dylib
0x00007fff358ae000 	/System/Library/Frameworks/Accelerate.framework/Versions/A/Frameworks/vImage.framework/Versions/A/vImage
0x00007fff36b51000 	/System/Library/Frameworks/Accelerate.framework/Versions/A/Frameworks/vecLib.framework/Versions/A/vecLib
0x00007fff36a95000 	/System/Library/Frameworks/Accelerate.framework/Versions/A/Frameworks/vecLib.framework/Versions/A/libvMisc.dylib
0x00007fff368bb000 	/System/Library/Frameworks/Accelerate.framework/Versions/A/Frameworks/vecLib.framework/Versions/A/libvDSP.dylib
0x00007fff35f1a000 	/System/Library/Frameworks/Accelerate.framework/Versions/A/Frameworks/vecLib.framework/Versions/A/libBLAS.dylib
0x00007fff36475000 	/System/Library/Frameworks/Accelerate.framework/Versions/A/Frameworks/vecLib.framework/Versions/A/libLAPACK.dylib
0x00007fff3681b000 	/System/Library/Frameworks/Accelerate.framework/Versions/A/Frameworks/vecLib.framework/Versions/A/libLinearAlgebra.dylib
0x00007fff368a8000 	/System/Library/Frameworks/Accelerate.framework/Versions/A/Frameworks/vecLib.framework/Versions/A/libSparseBLAS.dylib
0x00007fff36831000 	/System/Library/Frameworks/Accelerate.framework/Versions/A/Frameworks/vecLib.framework/Versions/A/libQuadrature.dylib
0x00007fff36184000 	/System/Library/Frameworks/Accelerate.framework/Versions/A/Frameworks/vecLib.framework/Versions/A/libBNNS.dylib
0x00007fff36837000 	/System/Library/Frameworks/Accelerate.framework/Versions/A/Frameworks/vecLib.framework/Versions/A/libSparse.dylib
0x00007fff5e5ff000 	/System/Library/PrivateFrameworks/LanguageModeling.framework/Versions/A/LanguageModeling
0x00007fff511f1000 	/System/Library/PrivateFrameworks/CoreEmoji.framework/Versions/A/CoreEmoji
0x00007fff5e71d000 	/System/Library/PrivateFrameworks/LinguisticData.framework/Versions/A/LinguisticData
0x00007fff5e6ce000 	/System/Library/PrivateFrameworks/Lexicon.framework/Versions/A/Lexicon
0x00007fff6e1b2000 	/usr/lib/libcmph.dylib
0x00007fff42dd1000 	/System/Library/Frameworks/OpenDirectory.framework/Versions/A/Frameworks/CFOpenDirectory.framework/Versions/A/CFOpenDirectory
0x00007fff42dee000 	/System/Library/Frameworks/OpenDirectory.framework/Versions/A/OpenDirectory
0x00007fff4b0bc000 	/System/Library/PrivateFrameworks/APFS.framework/Versions/A/APFS
0x00007fff46496000 	/System/Library/Frameworks/SecurityFoundation.framework/Versions/A/SecurityFoundation
0x00007fff70269000 	/usr/lib/libutil.dylib
0x00007fff524de000 	/System/Library/PrivateFrameworks/CoreServicesStore.framework/Versions/A/CoreServicesStore
0x00007fff4654e000 	/System/Library/Frameworks/ServiceManagement.framework/Versions/A/ServiceManagement
0x00007fff4e421000 	/System/Library/PrivateFrameworks/BackgroundTaskManagement.framework/Versions/A/BackgroundTaskManagement
0x00007fff70366000 	/usr/lib/libxslt.1.dylib
0x00007fff4d2cf000 	/System/Library/PrivateFrameworks/AppleSystemInfo.framework/Versions/A/AppleSystemInfo
0x00007fff3cc39000 	/System/Library/Frameworks/ImageIO.framework/Versions/A/Resources/libJPEG.dylib
0x00007fff3cef8000 	/System/Library/Frameworks/ImageIO.framework/Versions/A/Resources/libTIFF.dylib
0x00007fff3cedb000 	/System/Library/Frameworks/ImageIO.framework/Versions/A/Resources/libPng.dylib
0x00007fff3cb7a000 	/System/Library/Frameworks/ImageIO.framework/Versions/A/Resources/libGIF.dylib
0x00007fff3cb7e000 	/System/Library/Frameworks/ImageIO.framework/Versions/A/Resources/libJP2.dylib
0x00007fff3cef6000 	/System/Library/Frameworks/ImageIO.framework/Versions/A/Resources/libRadiance.dylib
0x00007fff6ebed000 	/usr/lib/libexpat.1.dylib
0x00007fff4cdc5000 	/System/Library/PrivateFrameworks/AppleJPEG.framework/Versions/A/AppleJPEG
0x00007fff55735000 	/System/Library/PrivateFrameworks/FontServices.framework/libFontParser.dylib
0x00007fff6c5bf000 	/System/Library/PrivateFrameworks/WatchdogClient.framework/Versions/A/WatchdogClient
0x00007fff5dc8c000 	/System/Library/PrivateFrameworks/IOAccelerator.framework/Versions/A/IOAccelerator
0x00007fff3f2b8000 	/System/Library/Frameworks/MetalPerformanceShaders.framework/Versions/A/MetalPerformanceShaders
0x00007fff5a483000 	/System/Library/PrivateFrameworks/GPUWrangler.framework/Versions/A/GPUWrangler
0x00007fff5dc97000 	/System/Library/PrivateFrameworks/IOPresentment.framework/Versions/A/IOPresentment
0x00007fff531bb000 	/System/Library/PrivateFrameworks/DSExternalDisplay.framework/Versions/A/DSExternalDisplay
0x00007fff43757000 	/System/Library/Frameworks/OpenGL.framework/Versions/A/Libraries/libCoreFSCache.dylib
0x00007fff3f00a000 	/System/Library/Frameworks/MetalPerformanceShaders.framework/Frameworks/MPSCore.framework/Versions/A/MPSCore
0x00007fff3f047000 	/System/Library/Frameworks/MetalPerformanceShaders.framework/Frameworks/MPSImage.framework/Versions/A/MPSImage
0x00007fff3f109000 	/System/Library/Frameworks/MetalPerformanceShaders.framework/Frameworks/MPSNeuralNetwork.framework/Versions/A/MPSNeuralNetwork
0x00007fff3f0ce000 	/System/Library/Frameworks/MetalPerformanceShaders.framework/Frameworks/MPSMatrix.framework/Versions/A/MPSMatrix
0x00007fff3f269000 	/System/Library/Frameworks/MetalPerformanceShaders.framework/Frameworks/MPSRayIntersector.framework/Versions/A/MPSRayIntersector
0x00007fff3f0f3000 	/System/Library/Frameworks/MetalPerformanceShaders.framework/Frameworks/MPSNDArray.framework/Versions/A/MPSNDArray
0x00007fff5fac8000 	/System/Library/PrivateFrameworks/MetalTools.framework/Versions/A/MetalTools
0x00007fff4c273000 	/System/Library/PrivateFrameworks/AggregateDictionary.framework/Versions/A/AggregateDictionary
0x00007fff50c7b000 	/System/Library/PrivateFrameworks/CoreAnalytics.framework/Versions/A/CoreAnalytics
0x00007fff4d1ed000 	/System/Library/PrivateFrameworks/AppleSauce.framework/Versions/A/AppleSauce
0x00007fff6dbbf000 	/usr/lib/libIOReport.dylib
0x00007fff3bb08000 	/System/Library/Frameworks/CoreVideo.framework/Versions/A/CoreVideo
0x00007fff5b8ef000 	/System/Library/PrivateFrameworks/GraphVisualizer.framework/Versions/A/GraphVisualizer
0x00007fff54cb6000 	/System/Library/PrivateFrameworks/FaceCore.framework/Versions/A/FaceCore
0x00007fff42d78000 	/System/Library/Frameworks/OpenCL.framework/Versions/A/OpenCL
0x00007fff6d9e1000 	/usr/lib/libFosl_dynamic.dylib
0x00007fff60f73000 	/System/Library/PrivateFrameworks/OTSVG.framework/Versions/A/OTSVG
0x00007fff37c07000 	/System/Library/Frameworks/ApplicationServices.framework/Versions/A/Frameworks/ATS.framework/Versions/A/Resources/libFontRegistry.dylib
0x00007fff55906000 	/System/Library/PrivateFrameworks/FontServices.framework/libhvf.dylib
0x00007fff43762000 	/System/Library/Frameworks/OpenGL.framework/Versions/A/Libraries/libGFXShared.dylib
0x00007fff4393f000 	/System/Library/Frameworks/OpenGL.framework/Versions/A/Libraries/libGLU.dylib
0x00007fff4376b000 	/System/Library/Frameworks/OpenGL.framework/Versions/A/Libraries/libGL.dylib
0x00007fff43776000 	/System/Library/Frameworks/OpenGL.framework/Versions/A/Libraries/libGLImage.dylib
0x00007fff43754000 	/System/Library/Frameworks/OpenGL.framework/Versions/A/Libraries/libCVMSPluginSupport.dylib
0x00007fff4375d000 	/System/Library/Frameworks/OpenGL.framework/Versions/A/Libraries/libCoreVMClient.dylib
0x00007fff6f640000 	/usr/lib/libncurses.5.4.dylib
0x00007fff37b03000 	/System/Library/Frameworks/ApplicationServices.framework/Versions/A/Frameworks/ATS.framework/Versions/A/ATS
0x00007fff37cd0000 	/System/Library/Frameworks/ApplicationServices.framework/Versions/A/Frameworks/ColorSyncLegacy.framework/Versions/A/ColorSyncLegacy
0x00007fff37d6f000 	/System/Library/Frameworks/ApplicationServices.framework/Versions/A/Frameworks/HIServices.framework/Versions/A/HIServices
0x00007fff37dc6000 	/System/Library/Frameworks/ApplicationServices.framework/Versions/A/Frameworks/LangAnalysis.framework/Versions/A/LangAnalysis
0x00007fff37dd5000 	/System/Library/Frameworks/ApplicationServices.framework/Versions/A/Frameworks/PrintCore.framework/Versions/A/PrintCore
0x00007fff37e1b000 	/System/Library/Frameworks/ApplicationServices.framework/Versions/A/Frameworks/QD.framework/Versions/A/QD
0x00007fff37e26000 	/System/Library/Frameworks/ApplicationServices.framework/Versions/A/Frameworks/SpeechSynthesis.framework/Versions/A/SpeechSynthesis
0x00007fff37ca0000 	/System/Library/Frameworks/ApplicationServices.framework/Versions/A/Frameworks/ATSUI.framework/Versions/A/ATSUI
0x00007fff6ea81000 	/usr/lib/libcups.2.dylib
0x00007fff3e367000 	/System/Library/Frameworks/Kerberos.framework/Versions/A/Kerberos
0x00007fff3c5e7000 	/System/Library/Frameworks/GSS.framework/Versions/A/GSS
0x00007fff6fdb6000 	/usr/lib/libresolv.9.dylib
0x00007fff5ba90000 	/System/Library/PrivateFrameworks/Heimdal.framework/Versions/A/Heimdal
0x00007fff3e37a000 	/System/Library/Frameworks/Kerberos.framework/Versions/A/Libraries/libHeimdalProxy.dylib
0x00007fff6ec2b000 	/usr/lib/libheimdal-asn1.dylib
0x00007fff50121000 	/System/Library/PrivateFrameworks/CommonAuth.framework/Versions/A/CommonAuth
0x00007fff4d36c000 	/System/Library/PrivateFrameworks/AssertionServices.framework/Versions/A/AssertionServices
0x00007fff4df0f000 	/System/Library/PrivateFrameworks/AudioToolboxCore.framework/Versions/A/AudioToolboxCore
0x00007fff6d219000 	/System/Library/PrivateFrameworks/caulk.framework/Versions/A/caulk
0x00007fff4e4cd000 	/System/Library/PrivateFrameworks/BaseBoard.framework/Versions/A/BaseBoard
0x00007fff65087000 	/System/Library/PrivateFrameworks/RunningBoardServices.framework/Versions/A/RunningBoardServices
0x00007fff62161000 	/System/Library/PrivateFrameworks/PersistentConnection.framework/Versions/A/PersistentConnection
0x00007fff64ad6000 	/System/Library/PrivateFrameworks/ProtocolBuffer.framework/Versions/A/ProtocolBuffer
0x00007fff50146000 	/System/Library/PrivateFrameworks/CommonUtilities.framework/Versions/A/CommonUtilities
0x00007fff4e650000 	/System/Library/PrivateFrameworks/Bom.framework/Versions/A/Bom
0x00007fff6d88e000 	/usr/lib/libAudioToolboxUtility.dylib
0x00007fff4e42b000 	/System/Library/PrivateFrameworks/Backup.framework/Versions/A/Backup
0x00007fff52f2b000 	/System/Library/PrivateFrameworks/CrashReporterSupport.framework/Versions/A/CrashReporterSupport
0x00007fff66b7e000 	/System/Library/PrivateFrameworks/Sharing.framework/Versions/A/Sharing
0x00007fff4cb10000 	/System/Library/PrivateFrameworks/Apple80211.framework/Versions/A/Apple80211
0x00007fff4e14d000 	/System/Library/PrivateFrameworks/AuthKit.framework/Versions/A/AuthKit
0x00007fff52c5b000 	/System/Library/PrivateFrameworks/CoreUtils.framework/Versions/A/CoreUtils
0x00007fff3bb4d000 	/System/Library/Frameworks/CoreWLAN.framework/Versions/A/CoreWLAN
0x00007fff3c772000 	/System/Library/Frameworks/IOBluetooth.framework/Versions/A/IOBluetooth
0x00007fff5fdc6000 	/System/Library/PrivateFrameworks/MobileKeyBag.framework/Versions/A/MobileKeyBag
0x00007fff51d31000 	/System/Library/PrivateFrameworks/CorePhoneNumbers.framework/Versions/A/CorePhoneNumbers
0x00007fff4cd78000 	/System/Library/PrivateFrameworks/AppleIDAuthSupport.framework/Versions/A/AppleIDAuthSupport
0x00007fff4020c000 	/System/Library/Frameworks/Network.framework/Versions/A/Network
0x00007fff5e487000 	/System/Library/PrivateFrameworks/KeychainCircle.framework/Versions/A/KeychainCircle
0x00007fff395c2000 	/System/Library/Frameworks/CoreBluetooth.framework/Versions/A/CoreBluetooth
0x00007fff687fa000 	/System/Library/PrivateFrameworks/SpeechRecognitionCore.framework/Versions/A/SpeechRecognitionCore
0x0000000101400000 	/Library/Java/JavaVirtualMachines/jdk1.8.0_241.jdk/Contents/Home/jre/lib/server/libjvm.dylib
0x00007fff7013b000 	/usr/lib/libstdc++.6.dylib
0x0000000100202000 	/Library/Java/JavaVirtualMachines/jdk1.8.0_241.jdk/Contents/Home/jre/lib/libverify.dylib
0x0000000100210000 	/Library/Java/JavaVirtualMachines/jdk1.8.0_241.jdk/Contents/Home/jre/lib/libjava.dylib
0x0000000100290000 	/Library/Java/JavaVirtualMachines/jdk1.8.0_241.jdk/Contents/Home/jre/lib/libzip.dylib
0x0000000109934000 	/usr/local/Cellar/maven/3.6.3_1/libexec/lib/jansi-native/osx/libjansi.jnilib
0x0000000109983000 	/Library/Java/JavaVirtualMachines/jdk1.8.0_241.jdk/Contents/Home/jre/lib/libnet.dylib
0x000000010a129000 	/Library/Java/JavaVirtualMachines/jdk1.8.0_241.jdk/Contents/Home/jre/lib/libnio.dylib
0x0000000109863000 	/Users/umadevi/Documents/UMA/repository/knowledge-platform/taxonomy-api/taxonomy-service/target/native_libraries/libjnotify.jnilib
0x000000010ab51000 	/Library/Java/JavaVirtualMachines/jdk1.8.0_241.jdk/Contents/Home/jre/lib/libmanagement.dylib

VM Arguments:
jvm_args: -Dclassworlds.conf=/usr/local/Cellar/maven/3.6.3_1/libexec/bin/m2.conf -Dmaven.home=/usr/local/Cellar/maven/3.6.3_1/libexec -Dlibrary.jansi.path=/usr/local/Cellar/maven/3.6.3_1/libexec/lib/jansi-native -Dmaven.multiModuleProjectDirectory=/Users/umadevi/Documents/UMA/repository/knowledge-platform/taxonomy-api/taxonomy-service 
java_command: org.codehaus.plexus.classworlds.launcher.Launcher play2:run
java_class_path (initial): /usr/local/Cellar/maven/3.6.3_1/libexec/boot/plexus-classworlds-2.6.0.jar
Launcher Type: SUN_STANDARD

Environment Variables:
JAVA_HOME=/Library/Java/JavaVirtualMachines/jdk1.8.0_241.jdk/Contents/Home
PATH=/usr/local/bin:/usr/bin:/bin:/usr/sbin:/sbin
SHELL=/bin/zsh

Signal Handlers:
SIGSEGV: [libjvm.dylib+0x5bd1a7], sa_mask[0]=11111111011111110111111111111111, sa_flags=SA_ONSTACK|SA_RESTART|SA_SIGINFO
SIGBUS: [libjvm.dylib+0x5bd1a7], sa_mask[0]=11111111011111110111111111111111, sa_flags=SA_RESTART|SA_SIGINFO
SIGFPE: [libjvm.dylib+0x48e178], sa_mask[0]=11111111011111110111111111111111, sa_flags=SA_RESTART|SA_SIGINFO
SIGPIPE: [libjvm.dylib+0x48e178], sa_mask[0]=11111111011111110111111111111111, sa_flags=SA_RESTART|SA_SIGINFO
SIGXFSZ: [libjvm.dylib+0x48e178], sa_mask[0]=11111111011111110111111111111111, sa_flags=SA_RESTART|SA_SIGINFO
SIGILL: [libjvm.dylib+0x48e178], sa_mask[0]=11111111011111110111111111111111, sa_flags=SA_RESTART|SA_SIGINFO
SIGUSR1: SIG_DFL, sa_mask[0]=00000000000000000000000000000000, sa_flags=SA_RESTART
SIGUSR2: [libjvm.dylib+0x48dc96], sa_mask[0]=00000000000000000000000000000000, sa_flags=SA_RESTART|SA_SIGINFO
SIGHUP: [libjvm.dylib+0x48c221], sa_mask[0]=11111111011111110111111111111111, sa_flags=SA_RESTART|SA_SIGINFO
SIGINT: [libjvm.dylib+0x48c221], sa_mask[0]=11111111011111110111111111111111, sa_flags=SA_RESTART|SA_SIGINFO
SIGTERM: [libjvm.dylib+0x48c221], sa_mask[0]=11111111011111110111111111111111, sa_flags=SA_RESTART|SA_SIGINFO
SIGQUIT: [libjvm.dylib+0x48c221], sa_mask[0]=11111111011111110111111111111111, sa_flags=SA_RESTART|SA_SIGINFO


---------------  S Y S T E M  ---------------

OS:Bsduname:Darwin 19.2.0 Darwin Kernel Version 19.2.0: Sat Nov  9 03:47:04 PST 2019; root:xnu-6153.61.1~20/RELEASE_X86_64 x86_64
rlimit: STACK 8192k, CORE 0k, NPROC 1392, NOFILE 10240, AS infinity
load average:2.97 3.15 3.05

CPU:total 8 (initial active 8) (4 cores per cpu, 2 threads per core) family 6 model 142 stepping 10, cmov, cx8, fxsr, mmx, sse, sse2, sse3, ssse3, sse4.1, sse4.2, popcnt, avx, avx2, aes, clmul, erms, 3dnowpref, lzcnt, ht, tsc, tscinvbit, bmi1, bmi2, adx

Memory: 4k page, physical 8388608k(1053532k free)

/proc/meminfo:


vm_info: Java HotSpot(TM) 64-Bit Server VM (25.241-b07) for bsd-amd64 JRE (1.8.0_241-b07), built on Dec 11 2019 02:29:59 by "java_re" with gcc 4.2.1 (Based on Apple Inc. build 5658) (LLVM build 2336.11.00)

time: Tue Mar 24 09:34:38 2020
timezone: IST
elapsed time: 1684 seconds (0d 0h 28m 4s)

